<?xml version="1.0" encoding="UTF-8"?>
<!-- Generated by org.testng.reporters.JUnitXMLReporter -->
<testsuite ignored="0" hostname="OZL8061W" failures="0" tests="6" name="Maps Test" time="62.844" errors="0" timestamp="2024-01-09T11:41:59 IST">
  <testcase classname="UIAutomation.SeleniumFrameworkDesign.MapsTest" name="assetDetailsVerificationTest" time="37.444"/>
  <testcase classname="UIAutomation.SeleniumFrameworkDesign.MapsTest" name="driverDetailsVerificationTest" time="0.074"/>
  <testcase classname="UIAutomation.SeleniumFrameworkDesign.MapsTest" name="addressLocationLinkTest" time="2.908"/>
  <testcase classname="UIAutomation.SeleniumFrameworkDesign.MapsTest" name="driverAvailabilityWidgetTest" time="0.471"/>
  <testcase classname="UIAutomation.SeleniumFrameworkDesign.MapsTest" name="findNearByAssetsFeatureTest" time="3.605"/>
  <testcase classname="UIAutomation.SeleniumFrameworkDesign.MapsTest" name="historyDetailsOfTheAssetTest" time="9.537"/>
</testsuite> <!-- Maps Test -->
